
{"level":"error","message":"Chemin inconnu demandé : /accueil/test","service":"user-service","timestamp":"13-02-2020 00:20:48"}
{"level":"error","message":"Chemin inconnu demandé : /accueil/css/super_chat.css","service":"user-service","timestamp":"13-02-2020 00:52:58"}
{"level":"error","message":"Chemin inconnu demandé : /accueil/css/super_chat.css","service":"user-service","timestamp":"13-02-2020 00:54:03"}
{"level":"error","message":"Chemin inconnu demandé : /accueil/css/super_chat.css","service":"user-service","timestamp":"13-02-2020 00:54:12"}
{"level":"error","message":"Chemin inconnu demandé : /accueil/message","service":"user-service","timestamp":"13-02-2020 00:55:08"}
{"level":"error","message":"Chemin inconnu demandé : /define/couleur","service":"user-service","timestamp":"13-02-2020 12:36:22"}
{"level":"error","message":"Chemin inconnu demandé : /erreur","service":"user-service","timestamp":"13-02-2020 14:07:48"}
{"level":"error","message":"Chemin inconnu demandé : /erreur","service":"user-service","timestamp":"13-02-2020 14:07:56"}
{"level":"error","message":"Chemin inconnu demandé : /erreur","service":"user-service","timestamp":"13-02-2020 14:08:22"}
{"level":"error","message":"Chemin inconnu demandé : /erreur","service":"user-service","timestamp":"13-02-2020 14:08:40"}
{"level":"error","message":"Chemin inconnu demandé : /erreur","service":"user-service","timestamp":"13-02-2020 14:09:30"}
{"level":"error","message":"Chemin inconnu demandé : /define/css/super_chat.css","service":"user-service","timestamp":"13-02-2020 14:09:44"}
{"level":"error","message":"Chemin inconnu demandé : /define/css/super_chat.css","service":"user-service","timestamp":"13-02-2020 14:12:49"}
{"level":"error","message":"Chemin inconnu demandé : /erreur","service":"user-service","timestamp":"13-02-2020 14:13:21"}
{"level":"error","message":"Chemin inconnu demandé : /erreur","service":"user-service","timestamp":"13-02-2020 14:13:56"}
{"level":"error","message":"Chemin inconnu demandé : /erreur","service":"user-service","timestamp":"13-02-2020 14:14:06"}
{"level":"error","message":"Chemin inconnu demandé : /status","service":"user-service","timestamp":"14-02-2020 01:08:58"}
{"level":"error","message":"Chemin inconnu demandé : /stat","service":"user-service","timestamp":"14-02-2020 01:08:58"}
{"level":"error","message":"Chemin inconnu demandé : /ws/v1/cluster/apps/new-application","service":"user-service","timestamp":"17-02-2020 16:10:20"}
{"level":"error","message":"Chemin inconnu demandé : /images/emoticon_rire.png","service":"user-service","timestamp":"17-02-2020 16:33:58"}
{"level":"error","message":"Chemin inconnu demandé : /ws/v1/cluster/apps/new-application","service":"user-service","timestamp":"18-02-2020 11:40:56"}
{"level":"error","message":"Chemin inconnu demandé : /ws/v1/cluster/apps/new-application","service":"user-service","timestamp":"18-02-2020 13:01:02"}
{"level":"error","message":"Chemin inconnu demandé : /ws/v1/cluster/apps/new-application","service":"user-service","timestamp":"18-02-2020 14:22:02"}
{"level":"error","message":"Chemin inconnu demandé : /ws/v1/cluster/apps/new-application","service":"user-service","timestamp":"18-02-2020 15:49:15"}
{"level":"error","message":"Chemin inconnu demandé : /define/login","service":"user-service","timestamp":"19-02-2020 14:29:33"}
{"level":"error","message":"Chemin inconnu demandé : /define/login","service":"user-service","timestamp":"20-02-2020 15:10:00"}
{"level":"error","message":"Chemin inconnu demandé : /define/login","service":"user-service","timestamp":"20-02-2020 15:41:46"}
{"level":"error","message":"Chemin inconnu demandé : /define/login","service":"user-service","timestamp":"20-02-2020 15:43:02"}
{"level":"error","message":"Chemin inconnu demandé : /images/emoticon_larme_3.gif","service":"user-service","timestamp":"20-02-2020 23:17:45"}
{"level":"error","message":"Chemin inconnu demandé : /images/anime_emoticon_rire.gif","service":"user-service","timestamp":"20-02-2020 23:17:45"}
{"level":"error","message":"Chemin inconnu demandé : /images/emojis_emoticon_pouce.gif","service":"user-service","timestamp":"20-02-2020 23:30:42"}
{"level":"error","message":"Chemin inconnu demandé : /images/emojis_emoticon_pouce.gif","service":"user-service","timestamp":"20-02-2020 23:32:51"}
{"level":"error","message":"Chemin inconnu demandé : /images/emojis_emoticon_pouce.gif","service":"user-service","timestamp":"20-02-2020 23:33:39"}
{"level":"error","message":"Chemin inconnu demandé : /images/null_emoticon_superman.gif","service":"user-service","timestamp":"21-02-2020 12:26:05"}
{"level":"error","message":"Chemin inconnu demandé : /images/null_emoticon_superman.gif","service":"user-service","timestamp":"21-02-2020 12:35:14"}
{"level":"error","message":"Chemin inconnu demandé : /images/undefined_emoticon_rire.gif","service":"user-service","timestamp":"21-02-2020 12:35:23"}
{"level":"error","message":"Chemin inconnu demandé : /images/undefined_emoticon_rire.gif","service":"user-service","timestamp":"21-02-2020 12:35:29"}
{"level":"error","message":"Chemin inconnu demandé : /images/undefined_emoticon_rire.gif","service":"user-service","timestamp":"21-02-2020 12:35:36"}
{"level":"error","message":"Chemin inconnu demandé : /images/null_emoticon_superman.gif","service":"user-service","timestamp":"21-02-2020 12:35:59"}
{"level":"error","message":"Chemin inconnu demandé : /images/undefined_emoticon_rire.gif","service":"user-service","timestamp":"21-02-2020 12:35:59"}
{"level":"error","message":"Chemin inconnu demandé : /images/null_emoticon_rire.gif","service":"user-service","timestamp":"22-02-2020 16:33:15"}
{"level":"error","message":"Chemin inconnu demandé : /images/null_emoticon_rire.gif","service":"user-service","timestamp":"22-02-2020 16:33:15"}
{"level":"error","message":"Chemin inconnu demandé : /images/null_emoticon_rire.gif","service":"user-service","timestamp":"22-02-2020 16:33:15"}
{"level":"error","message":"Chemin inconnu demandé : /images/null_emoticon_rire.gif","service":"user-service","timestamp":"22-02-2020 16:33:23"}
{"level":"error","message":"Chemin inconnu demandé : /images/null_emoticon_rire.gif","service":"user-service","timestamp":"22-02-2020 16:33:23"}
{"level":"error","message":"Chemin inconnu demandé : /images/null_emoticon_rire.gif","service":"user-service","timestamp":"22-02-2020 16:33:23"}
{"level":"error","message":"Chemin inconnu demandé : /images/null_emoticon_rire.gif","service":"user-service","timestamp":"22-02-2020 16:33:52"}
{"level":"error","message":"Chemin inconnu demandé : /images/null_emoticon_rire.gif","service":"user-service","timestamp":"22-02-2020 16:33:54"}
{"level":"error","message":"Chemin inconnu demandé : /images/null_emoticon_rire.gif","service":"user-service","timestamp":"22-02-2020 16:33:54"}
{"level":"error","message":"Chemin inconnu demandé : /images/null_emoticon_rire.gif","service":"user-service","timestamp":"22-02-2020 16:34:55"}
{"level":"error","message":"Chemin inconnu demandé : /images/null_emoticon_rire.gif","service":"user-service","timestamp":"22-02-2020 16:34:55"}
{"level":"error","message":"Chemin inconnu demandé : /images/null_emoticon_rire.gif","service":"user-service","timestamp":"22-02-2020 16:34:56"}
{"level":"error","message":"Chemin inconnu demandé : /images/null_emoticon_rire.gif","service":"user-service","timestamp":"22-02-2020 16:34:59"}
{"level":"error","message":"Chemin inconnu demandé : /images/null_emoticon_lol.gif","service":"user-service","timestamp":"22-02-2020 16:35:05"}
{"level":"error","message":"Chemin inconnu demandé : /images/null_emoticon_lol.gif","service":"user-service","timestamp":"22-02-2020 16:35:05"}
{"level":"error","message":"Chemin inconnu demandé : /images/null_emoticon_lol.gif","service":"user-service","timestamp":"22-02-2020 16:35:05"}
{"level":"error","message":"Chemin inconnu demandé : /images/null_emoticon_rire.gif","service":"user-service","timestamp":"22-02-2020 16:35:37"}
{"level":"error","message":"Chemin inconnu demandé : /images/null_emoticon_lol.gif","service":"user-service","timestamp":"22-02-2020 16:35:37"}
{"level":"error","message":"Chemin inconnu demandé : /images/null_emoticon_rire.gif","service":"user-service","timestamp":"22-02-2020 16:35:38"}
{"level":"error","message":"Chemin inconnu demandé : /images/null_emoticon_lol.gif","service":"user-service","timestamp":"22-02-2020 16:35:38"}
{"level":"error","message":"Chemin inconnu demandé : /images/null_emoticon_rire.gif","service":"user-service","timestamp":"22-02-2020 16:35:39"}
{"level":"error","message":"Chemin inconnu demandé : /images/null_emoticon_lol.gif","service":"user-service","timestamp":"22-02-2020 16:35:39"}
{"level":"error","message":"Chemin inconnu demandé : /images/null_emoticon_rire.gif","service":"user-service","timestamp":"22-02-2020 16:37:43"}
{"level":"error","message":"Chemin inconnu demandé : /images/null_emoticon_lol.gif","service":"user-service","timestamp":"22-02-2020 16:37:43"}
{"level":"error","message":"Chemin inconnu demandé : /images/null_emoticon_rire.gif","service":"user-service","timestamp":"22-02-2020 16:38:17"}
{"level":"error","message":"Chemin inconnu demandé : /images/null_emoticon_lol.gif","service":"user-service","timestamp":"22-02-2020 16:38:17"}
{"level":"error","message":"Chemin inconnu demandé : /images/null_emoticon_rire.gif","service":"user-service","timestamp":"22-02-2020 16:38:19"}
{"level":"error","message":"Chemin inconnu demandé : /images/null_emoticon_lol.gif","service":"user-service","timestamp":"22-02-2020 16:38:19"}
{"level":"error","message":"Chemin inconnu demandé : /images/null_emoticon_rire.gif","service":"user-service","timestamp":"22-02-2020 16:51:23"}
{"level":"error","message":"Chemin inconnu demandé : /images/null_emoticon_lol.gif","service":"user-service","timestamp":"22-02-2020 16:51:23"}
{"level":"error","message":"Chemin inconnu demandé : /images/null_emoticon_rire.gif","service":"user-service","timestamp":"22-02-2020 16:52:08"}
{"level":"error","message":"Chemin inconnu demandé : /images/null_emoticon_lol.gif","service":"user-service","timestamp":"22-02-2020 16:52:08"}
{"level":"error","message":"Chemin inconnu demandé : /images/null_emoticon_rire.gif","service":"user-service","timestamp":"22-02-2020 16:53:03"}
{"level":"error","message":"Chemin inconnu demandé : /images/null_emoticon_lol.gif","service":"user-service","timestamp":"22-02-2020 16:53:03"}
{"level":"error","message":"Chemin inconnu demandé : /images/null_emoticon_rire.gif","service":"user-service","timestamp":"22-02-2020 16:53:06"}
{"level":"error","message":"Chemin inconnu demandé : /images/null_emoticon_lol.gif","service":"user-service","timestamp":"22-02-2020 16:53:06"}
{"level":"error","message":"Chemin inconnu demandé : /images/null_emoticon_rire.gif","service":"user-service","timestamp":"22-02-2020 16:53:42"}
{"level":"error","message":"Chemin inconnu demandé : /images/null_emoticon_lol.gif","service":"user-service","timestamp":"22-02-2020 16:53:42"}
{"level":"error","message":"Chemin inconnu demandé : /images/null_emoticon_rire.gif","service":"user-service","timestamp":"22-02-2020 16:53:43"}
{"level":"error","message":"Chemin inconnu demandé : /images/null_emoticon_lol.gif","service":"user-service","timestamp":"22-02-2020 16:53:43"}
{"level":"error","message":"Chemin inconnu demandé : /images/null_emoticon_rire.gif","service":"user-service","timestamp":"22-02-2020 16:56:05"}
{"level":"error","message":"Chemin inconnu demandé : /images/null_emoticon_lol.gif","service":"user-service","timestamp":"22-02-2020 16:56:05"}
{"level":"error","message":"Chemin inconnu demandé : /images/null_emoticon_rire.gif","service":"user-service","timestamp":"22-02-2020 16:56:32"}
{"level":"error","message":"Chemin inconnu demandé : /images/null_emoticon_lol.gif","service":"user-service","timestamp":"22-02-2020 16:56:32"}
{"level":"error","message":"Chemin inconnu demandé : /images/null_emoticon_rire.gif","service":"user-service","timestamp":"22-02-2020 16:56:40"}
{"level":"error","message":"Chemin inconnu demandé : /images/null_emoticon_lol.gif","service":"user-service","timestamp":"22-02-2020 16:56:40"}
{"level":"error","message":"Chemin inconnu demandé : /images/null_emoticon_rire.gif","service":"user-service","timestamp":"22-02-2020 16:56:50"}
{"level":"error","message":"Chemin inconnu demandé : /images/null_emoticon_lol.gif","service":"user-service","timestamp":"22-02-2020 16:56:50"}
{"level":"error","message":"Chemin inconnu demandé : /images/null_emoticon_rire.gif","service":"user-service","timestamp":"22-02-2020 16:58:03"}
{"level":"error","message":"Chemin inconnu demandé : /images/null_emoticon_lol.gif","service":"user-service","timestamp":"22-02-2020 16:58:03"}
{"level":"error","message":"Chemin inconnu demandé : /images/null_emoticon_rire.gif","service":"user-service","timestamp":"22-02-2020 16:58:07"}
{"level":"error","message":"Chemin inconnu demandé : /images/null_emoticon_lol.gif","service":"user-service","timestamp":"22-02-2020 16:58:07"}
{"level":"error","message":"Chemin inconnu demandé : /public/images","service":"user-service","timestamp":"22-02-2020 16:58:20"}
{"level":"error","message":"Chemin inconnu demandé : /images/null_emoticon_rire.gif","service":"user-service","timestamp":"22-02-2020 16:59:54"}
{"level":"error","message":"Chemin inconnu demandé : /images/null_emoticon_lol.gif","service":"user-service","timestamp":"22-02-2020 16:59:54"}
{"level":"error","message":"Chemin inconnu demandé : /images/null_emoticon_rire.gif","service":"user-service","timestamp":"22-02-2020 16:59:54"}
{"level":"error","message":"Chemin inconnu demandé : /images/null_emoticon_lol.gif","service":"user-service","timestamp":"22-02-2020 16:59:54"}
{"level":"error","message":"Chemin inconnu demandé : /images/null_emoticon_rire.gif","service":"user-service","timestamp":"22-02-2020 16:59:55"}
{"level":"error","message":"Chemin inconnu demandé : /images/null_emoticon_lol.gif","service":"user-service","timestamp":"22-02-2020 16:59:55"}
{"level":"error","message":"Chemin inconnu demandé : /images/null_emoticon_rire.gif","service":"user-service","timestamp":"22-02-2020 17:00:34"}
{"level":"error","message":"Chemin inconnu demandé : /images/null_emoticon_lol.gif","service":"user-service","timestamp":"22-02-2020 17:00:34"}
{"level":"error","message":"Chemin inconnu demandé : /images/null_emoticon_rire.gif","service":"user-service","timestamp":"22-02-2020 17:00:36"}
{"level":"error","message":"Chemin inconnu demandé : /images/null_emoticon_lol.gif","service":"user-service","timestamp":"22-02-2020 17:00:36"}
{"level":"error","message":"Chemin inconnu demandé : /images/null_emoticon_rire.gif","service":"user-service","timestamp":"22-02-2020 17:00:37"}
{"level":"error","message":"Chemin inconnu demandé : /images/null_emoticon_lol.gif","service":"user-service","timestamp":"22-02-2020 17:00:37"}
{"level":"error","message":"Chemin inconnu demandé : /images/null_emoticon_rire.gif","service":"user-service","timestamp":"22-02-2020 17:01:59"}
{"level":"error","message":"Chemin inconnu demandé : /images/null_emoticon_lol.gif","service":"user-service","timestamp":"22-02-2020 17:01:59"}
{"level":"error","message":"Chemin inconnu demandé : /images/null_emoticon_rire.gif","service":"user-service","timestamp":"22-02-2020 17:02:42"}
{"level":"error","message":"Chemin inconnu demandé : /images/null_emoticon_lol.gif","service":"user-service","timestamp":"22-02-2020 17:02:42"}
{"level":"error","message":"Chemin inconnu demandé : /images/null_emoticon_rire.gif","service":"user-service","timestamp":"22-02-2020 17:04:00"}
{"level":"error","message":"Chemin inconnu demandé : /images/null_emoticon_lol.gif","service":"user-service","timestamp":"22-02-2020 17:04:00"}
{"level":"error","message":"Chemin inconnu demandé : /images/null_emoticon_rire.gif","service":"user-service","timestamp":"22-02-2020 17:04:04"}
{"level":"error","message":"Chemin inconnu demandé : /images/null_emoticon_lol.gif","service":"user-service","timestamp":"22-02-2020 17:04:04"}
{"level":"error","message":"Chemin inconnu demandé : /images/null_emoticon_rire.gif","service":"user-service","timestamp":"22-02-2020 17:05:13"}
{"level":"error","message":"Chemin inconnu demandé : /images/null_emoticon_lol.gif","service":"user-service","timestamp":"22-02-2020 17:05:13"}
{"level":"error","message":"Chemin inconnu demandé : /images/null_emoticon_rire.gif","service":"user-service","timestamp":"22-02-2020 17:05:18"}
{"level":"error","message":"Chemin inconnu demandé : /images/null_emoticon_lol.gif","service":"user-service","timestamp":"22-02-2020 17:05:18"}
{"level":"error","message":"Chemin inconnu demandé : /images/null_emoticon_rire.gif","service":"user-service","timestamp":"22-02-2020 17:05:37"}
{"level":"error","message":"Chemin inconnu demandé : /images/null_emoticon_lol.gif","service":"user-service","timestamp":"22-02-2020 17:05:37"}
{"level":"error","message":"Chemin inconnu demandé : /images/null_emoticon_rire.gif","service":"user-service","timestamp":"22-02-2020 17:05:37"}
{"level":"error","message":"Chemin inconnu demandé : /images/null_emoticon_lol.gif","service":"user-service","timestamp":"22-02-2020 17:05:37"}
{"level":"error","message":"Chemin inconnu demandé : /images/null_emoticon_lol.gif","service":"user-service","timestamp":"22-02-2020 17:05:38"}
{"level":"error","message":"Chemin inconnu demandé : /images/null_emoticon_rire.gif","service":"user-service","timestamp":"22-02-2020 17:05:38"}
{"level":"error","message":"Chemin inconnu demandé : /images/null_emoticon_rire.gif","service":"user-service","timestamp":"22-02-2020 17:06:06"}
{"level":"error","message":"Chemin inconnu demandé : /images/null_emoticon_lol.gif","service":"user-service","timestamp":"22-02-2020 17:06:06"}
{"level":"error","message":"Chemin inconnu demandé : /images/null_emoticon_rire.gif","service":"user-service","timestamp":"22-02-2020 17:06:32"}
{"level":"error","message":"Chemin inconnu demandé : /images/null_emoticon_lol.gif","service":"user-service","timestamp":"22-02-2020 17:06:32"}
{"level":"error","message":"Chemin inconnu demandé : /images/null_emoticon_rire.gif","service":"user-service","timestamp":"22-02-2020 17:06:52"}
{"level":"error","message":"Chemin inconnu demandé : /images/null_emoticon_lol.gif","service":"user-service","timestamp":"22-02-2020 17:06:52"}
{"level":"error","message":"Chemin inconnu demandé : /images/null_emoticon_rire.gif","service":"user-service","timestamp":"22-02-2020 17:07:06"}
{"level":"error","message":"Chemin inconnu demandé : /images/null_emoticon_lol.gif","service":"user-service","timestamp":"22-02-2020 17:07:06"}
{"level":"error","message":"Chemin inconnu demandé : /images/null_emoticon_rire.gif","service":"user-service","timestamp":"22-02-2020 17:09:30"}
{"level":"error","message":"Chemin inconnu demandé : /images/null_emoticon_lol.gif","service":"user-service","timestamp":"22-02-2020 17:09:30"}
{"level":"error","message":"Chemin inconnu demandé : /images/null_emoticon_rire.gif","service":"user-service","timestamp":"22-02-2020 17:09:30"}
{"level":"error","message":"Chemin inconnu demandé : /images/null_emoticon_lol.gif","service":"user-service","timestamp":"22-02-2020 17:09:30"}
{"level":"error","message":"Chemin inconnu demandé : /images/null_emoticon_rire.gif","service":"user-service","timestamp":"22-02-2020 17:09:31"}
{"level":"error","message":"Chemin inconnu demandé : /images/null_emoticon_lol.gif","service":"user-service","timestamp":"22-02-2020 17:09:31"}
{"level":"error","message":"Chemin inconnu demandé : /images/null_emoticon_rire.gif","service":"user-service","timestamp":"22-02-2020 17:09:50"}
{"level":"error","message":"Chemin inconnu demandé : /images/null_emoticon_lol.gif","service":"user-service","timestamp":"22-02-2020 17:09:50"}
{"level":"error","message":"Chemin inconnu demandé : /public/images","service":"user-service","timestamp":"22-02-2020 17:12:57"}
{"level":"error","message":"Chemin inconnu demandé : /images/null_emoticon_rire.gif","service":"user-service","timestamp":"22-02-2020 17:13:01"}
{"level":"error","message":"Chemin inconnu demandé : /images/null_emoticon_lol.gif","service":"user-service","timestamp":"22-02-2020 17:13:01"}
{"level":"error","message":"Chemin inconnu demandé : /images/null_emoticon_rire.gif","service":"user-service","timestamp":"22-02-2020 17:15:35"}
{"level":"error","message":"Chemin inconnu demandé : /images/null_emoticon_lol.gif","service":"user-service","timestamp":"22-02-2020 17:15:35"}
{"level":"error","message":"Chemin inconnu demandé : /images/null_emoticon_rire.gif","service":"user-service","timestamp":"22-02-2020 17:15:52"}
{"level":"error","message":"Chemin inconnu demandé : /images/null_emoticon_lol.gif","service":"user-service","timestamp":"22-02-2020 17:15:52"}
{"level":"error","message":"Chemin inconnu demandé : /images/null_emoticon_rire.gif","service":"user-service","timestamp":"22-02-2020 17:16:27"}
{"level":"error","message":"Chemin inconnu demandé : /images/null_emoticon_lol.gif","service":"user-service","timestamp":"22-02-2020 17:16:27"}
{"level":"error","message":"Chemin inconnu demandé : /define/login","service":"user-service","timestamp":"22-02-2020 18:09:57"}
{"level":"error","message":"Chemin inconnu demandé : /images/null_emoticon_lol.gif","service":"user-service","timestamp":"23-02-2020 15:52:15"}
{"level":"error","message":"Chemin inconnu demandé : /images/null_emoticon_lol.gif","service":"user-service","timestamp":"23-02-2020 15:52:15"}
{"level":"error","message":"Chemin inconnu demandé : /images/null_emoticon_rire.gif","service":"user-service","timestamp":"23-02-2020 15:52:37"}
{"level":"error","message":"Chemin inconnu demandé : /images/null_emoticon_rire.gif","service":"user-service","timestamp":"23-02-2020 15:52:37"}
{"level":"error","message":"Chemin inconnu demandé : /images/null_emoticon_lol.gif","service":"user-service","timestamp":"23-02-2020 15:53:03"}
{"level":"error","message":"Chemin inconnu demandé : /images/null_emoticon_rire.gif","service":"user-service","timestamp":"23-02-2020 15:53:03"}
{"level":"error","message":"Chemin inconnu demandé : /images/null_emoticon_lol.gif","service":"user-service","timestamp":"23-02-2020 15:59:32"}
{"level":"error","message":"Chemin inconnu demandé : /images/null_emoticon_rire.gif","service":"user-service","timestamp":"23-02-2020 15:59:32"}
{"level":"error","message":"Chemin inconnu demandé : /images/null_emoticon_lol.gif","service":"user-service","timestamp":"23-02-2020 15:59:34"}
{"level":"error","message":"Chemin inconnu demandé : /images/null_emoticon_rire.gif","service":"user-service","timestamp":"23-02-2020 15:59:34"}
{"level":"error","message":"Chemin inconnu demandé : /images/null_emoticon_lol.gif","service":"user-service","timestamp":"23-02-2020 16:04:28"}
{"level":"error","message":"Chemin inconnu demandé : /images/null_emoticon_rire.gif","service":"user-service","timestamp":"23-02-2020 16:04:28"}
{"level":"error","message":"Chemin inconnu demandé : /images/null_emoticon_lol.gif","service":"user-service","timestamp":"23-02-2020 16:04:30"}
{"level":"error","message":"Chemin inconnu demandé : /images/null_emoticon_rire.gif","service":"user-service","timestamp":"23-02-2020 16:04:30"}
{"level":"error","message":"Chemin inconnu demandé : /images/null_emoticon_rire.gif","service":"user-service","timestamp":"23-02-2020 16:09:41"}
{"level":"error","message":"Chemin inconnu demandé : /images/null_emoticon_rire.gif","service":"user-service","timestamp":"23-02-2020 16:22:27"}
{"level":"error","message":"Chemin inconnu demandé : /images/null_emoticon_rire.gif","service":"user-service","timestamp":"23-02-2020 16:22:28"}
{"level":"error","message":"Chemin inconnu demandé : /images/null_emoticon_rire.gif","service":"user-service","timestamp":"23-02-2020 16:22:28"}
{"level":"error","message":"Chemin inconnu demandé : /images/null_emoticon_rire.gif","service":"user-service","timestamp":"23-02-2020 16:22:36"}
{"level":"error","message":"Chemin inconnu demandé : /images/emojis_emoticon_mdr.gif","service":"user-service","timestamp":"23-02-2020 20:24:14"}
{"level":"error","message":"Chemin inconnu demandé : /images/emojis_emoticon_mdr.gif","service":"user-service","timestamp":"23-02-2020 20:24:14"}
{"level":"error","message":"Chemin inconnu demandé : /images/emojis_emoticon_mdr.gif","service":"user-service","timestamp":"23-02-2020 20:24:14"}
{"level":"error","message":"Chemin inconnu demandé : /images/emojis_emoticon_mdr.gif","service":"user-service","timestamp":"23-02-2020 20:25:23"}
{"level":"error","message":"Chemin inconnu demandé : /images/emojis_emoticon_mdr.gif","service":"user-service","timestamp":"23-02-2020 20:29:10"}
{"level":"error","message":"Chemin inconnu demandé : /images/emojis_emoticon_mdr.gif","service":"user-service","timestamp":"23-02-2020 20:30:24"}
{"level":"error","message":"Chemin inconnu demandé : /images/emojis_emoticon_mdr.gif","service":"user-service","timestamp":"23-02-2020 20:41:30"}
{"level":"error","message":"Chemin inconnu demandé : /images/emojis_emoticon_mdr.gif","service":"user-service","timestamp":"23-02-2020 20:42:09"}
{"level":"error","message":"Chemin inconnu demandé : /images/emojis_emoticon_mdr.gif","service":"user-service","timestamp":"23-02-2020 20:57:14"}
{"level":"error","message":"Chemin inconnu demandé : /images/emojis_emoticon_mdr.gif","service":"user-service","timestamp":"23-02-2020 20:57:18"}
{"level":"error","message":"Chemin inconnu demandé : /images/emojis_emoticon_mdr.gif","service":"user-service","timestamp":"23-02-2020 20:58:24"}
{"level":"error","message":"Chemin inconnu demandé : /images/emojis_emoticon_mdr.gif","service":"user-service","timestamp":"23-02-2020 20:59:07"}
{"level":"error","message":"Chemin inconnu demandé : /images/emojis_emoticon_mdr.gif","service":"user-service","timestamp":"23-02-2020 20:59:09"}
{"level":"error","message":"Chemin inconnu demandé : /images/emojis_emoticon_mdr.gif","service":"user-service","timestamp":"23-02-2020 20:59:17"}
{"level":"error","message":"Chemin inconnu demandé : /images/emojis_emoticon_mdr.gif","service":"user-service","timestamp":"23-02-2020 21:00:22"}
{"level":"error","message":"Chemin inconnu demandé : /images/emojis_emoticon_mdr.gif","service":"user-service","timestamp":"23-02-2020 21:02:46"}
{"level":"error","message":"Chemin inconnu demandé : /images/emojis_emoticon_mdr.gif","service":"user-service","timestamp":"23-02-2020 21:02:57"}
{"level":"error","message":"Chemin inconnu demandé : /images/emojis_emoticon_mdr.gif","service":"user-service","timestamp":"23-02-2020 21:03:06"}
{"level":"error","message":"Chemin inconnu demandé : /images/emojis_emoticon_mdr.gif","service":"user-service","timestamp":"23-02-2020 21:03:19"}
{"level":"error","message":"Chemin inconnu demandé : /images/emojis_emoticon_mdr.gif","service":"user-service","timestamp":"23-02-2020 21:04:16"}
{"level":"error","message":"Chemin inconnu demandé : /images/emojis_emoticon_mdr.gif","service":"user-service","timestamp":"23-02-2020 21:04:26"}
{"level":"error","message":"Chemin inconnu demandé : /images/emojis_emoticon_mdr.gif","service":"user-service","timestamp":"23-02-2020 21:04:32"}
{"level":"error","message":"Chemin inconnu demandé : /images/emojis_emoticon_mdr.gif","service":"user-service","timestamp":"23-02-2020 21:04:36"}
{"level":"error","message":"Chemin inconnu demandé : /images/emojis_emoticon_mdr.gif","service":"user-service","timestamp":"23-02-2020 21:05:54"}
{"level":"error","message":"Chemin inconnu demandé : /images/emojis_emoticon_mdr.gif","service":"user-service","timestamp":"23-02-2020 21:06:42"}
{"level":"error","message":"Chemin inconnu demandé : /images/emojis_emoticon_mdr.gif","service":"user-service","timestamp":"23-02-2020 21:11:16"}
{"level":"error","message":"Chemin inconnu demandé : /images/emojis_emoticon_mdr.gif","service":"user-service","timestamp":"23-02-2020 21:11:43"}
{"level":"error","message":"Chemin inconnu demandé : /images/emojis_emoticon_mdr.gif","service":"user-service","timestamp":"23-02-2020 21:12:10"}
{"level":"error","message":"Chemin inconnu demandé : /images/emojis_emoticon_mdr.gif","service":"user-service","timestamp":"23-02-2020 21:13:17"}
{"level":"error","message":"Chemin inconnu demandé : /images/emojis_emoticon_mdr.gif","service":"user-service","timestamp":"23-02-2020 21:14:00"}
{"level":"error","message":"Chemin inconnu demandé : /images/emojis_emoticon_mdr.gif","service":"user-service","timestamp":"23-02-2020 21:14:41"}
{"level":"error","message":"Chemin inconnu demandé : /images/emojis_emoticon_mdr.gif","service":"user-service","timestamp":"23-02-2020 21:15:46"}
{"level":"error","message":"Chemin inconnu demandé : /images/emojis_emoticon_mdr.gif","service":"user-service","timestamp":"23-02-2020 21:17:48"}
{"level":"error","message":"Chemin inconnu demandé : /images/emojis_emoticon_mdr.gif","service":"user-service","timestamp":"23-02-2020 21:20:18"}
{"level":"error","message":"Chemin inconnu demandé : /images/emojis_emoticon_mdr.gif","service":"user-service","timestamp":"23-02-2020 21:22:27"}
{"level":"error","message":"Chemin inconnu demandé : /images/emojis_emoticon_mdr.gif","service":"user-service","timestamp":"23-02-2020 21:24:53"}
{"level":"error","message":"Chemin inconnu demandé : /images/emojis_emoticon_mdr.gif","service":"user-service","timestamp":"23-02-2020 21:25:02"}
{"level":"error","message":"Chemin inconnu demandé : /images/emojis_emoticon_mdr.gif","service":"user-service","timestamp":"23-02-2020 21:27:35"}
{"level":"error","message":"Chemin inconnu demandé : /images/emojis_emoticon_mdr.gif","service":"user-service","timestamp":"23-02-2020 21:27:57"}
{"level":"error","message":"Chemin inconnu demandé : /images/emojis_emoticon_mdr.gif","service":"user-service","timestamp":"23-02-2020 21:32:20"}
{"level":"error","message":"Chemin inconnu demandé : /images/emojis_emoticon_mdr.gif","service":"user-service","timestamp":"23-02-2020 21:32:26"}
{"level":"error","message":"Chemin inconnu demandé : /images/emojis_emoticon_mdr.gif","service":"user-service","timestamp":"23-02-2020 21:34:24"}
{"level":"error","message":"Chemin inconnu demandé : /images/emojis_emoticon_mdr.gif","service":"user-service","timestamp":"23-02-2020 21:34:52"}
{"level":"error","message":"Chemin inconnu demandé : /images/emojis_emoticon_mdr.gif","service":"user-service","timestamp":"23-02-2020 21:35:05"}
{"level":"error","message":"Chemin inconnu demandé : /images/emojis_emoticon_mdr.gif","service":"user-service","timestamp":"23-02-2020 21:36:04"}
{"level":"error","message":"Chemin inconnu demandé : /images/emojis_emoticon_mdr.gif","service":"user-service","timestamp":"23-02-2020 21:36:33"}
{"level":"error","message":"Chemin inconnu demandé : /images/emojis_emoticon_mdr.gif","service":"user-service","timestamp":"23-02-2020 21:37:14"}
{"level":"error","message":"Chemin inconnu demandé : /images/emojis_emoticon_mdr.gif","service":"user-service","timestamp":"23-02-2020 21:39:06"}
{"level":"error","message":"Chemin inconnu demandé : /images/emojis_emoticon_mdr.gif","service":"user-service","timestamp":"23-02-2020 21:39:46"}
{"level":"error","message":"Chemin inconnu demandé : /images/emojis_emoticon_mdr.gif","service":"user-service","timestamp":"23-02-2020 21:43:18"}
{"level":"error","message":"Chemin inconnu demandé : /images/emojis_emoticon_mdr.gif","service":"user-service","timestamp":"23-02-2020 21:43:45"}
{"level":"error","message":"Chemin inconnu demandé : /images/emojis_emoticon_mdr.gif","service":"user-service","timestamp":"23-02-2020 21:44:10"}
{"level":"error","message":"Chemin inconnu demandé : /images/emojis_emoticon_mdr.gif","service":"user-service","timestamp":"23-02-2020 21:44:38"}
{"level":"error","message":"Chemin inconnu demandé : /images/emojis_emoticon_mdr.gif","service":"user-service","timestamp":"23-02-2020 21:45:02"}
{"level":"error","message":"Chemin inconnu demandé : /images/emojis_emoticon_mdr.gif","service":"user-service","timestamp":"23-02-2020 21:45:08"}
{"level":"error","message":"Chemin inconnu demandé : /images/emojis_emoticon_mdr.gif","service":"user-service","timestamp":"23-02-2020 21:45:43"}
{"level":"error","message":"Chemin inconnu demandé : /images/emojis_emoticon_mdr.gif","service":"user-service","timestamp":"23-02-2020 21:46:25"}
{"level":"error","message":"Chemin inconnu demandé : /images/emojis_emoticon_mdr.gif","service":"user-service","timestamp":"23-02-2020 21:46:55"}
{"level":"error","message":"Chemin inconnu demandé : /images/emojis_emoticon_mdr.gif","service":"user-service","timestamp":"23-02-2020 21:47:04"}
